app/build/intermediates/manifest_merge_blame_file/release/processReleaseMainManifest/manifest-merger-blame-release-report.txt
1<?xml version="1.0" encoding="utf-8"?>
2<manifest xmlns:android="http://schemas.android.com/apk/res/android"
3    package="com.example.clojuredroid"
4    android:versionCode="1"
5    android:versionName="1.0" >
6
7    <uses-sdk
8        android:minSdkVersion="26"
9        android:targetSdkVersion="35" />
10
11    <uses-permission android:name="android.permission.INTERNET" />
11-->src/main/AndroidManifest.xml:3:5-67
11-->src/main/AndroidManifest.xml:3:22-64
12
13    <application
13-->src/main/AndroidManifest.xml:4:5-22:19
14        android:name="org.clojure_android.runtime.ClojureApp"
14-->src/main/AndroidManifest.xml:5:9-62
15        android:extractNativeLibs="false"
16        android:label="Clojure Android Sample"
16-->src/main/AndroidManifest.xml:6:9-47
17        android:supportsRtl="true" >
17-->src/main/AndroidManifest.xml:7:9-35
18        <activity
18-->src/main/AndroidManifest.xml:8:9-17:20
19            android:name="com.example.clojuredroid.NekoActivity"
19-->src/main/AndroidManifest.xml:9:13-41
20            android:exported="true"
20-->src/main/AndroidManifest.xml:12:13-36
21            android:label="Neko UI Demo"
21-->src/main/AndroidManifest.xml:10:13-41
22            android:theme="@android:style/Theme.Material.Light.NoActionBar" >
22-->src/main/AndroidManifest.xml:11:13-76
23            <intent-filter>
23-->src/main/AndroidManifest.xml:13:13-16:29
24                <action android:name="android.intent.action.MAIN" />
24-->src/main/AndroidManifest.xml:14:17-69
24-->src/main/AndroidManifest.xml:14:25-66
25
26                <category android:name="android.intent.category.LAUNCHER" />
26-->src/main/AndroidManifest.xml:15:17-77
26-->src/main/AndroidManifest.xml:15:27-74
27            </intent-filter>
28        </activity>
29        <activity
29-->src/main/AndroidManifest.xml:18:9-21:39
30            android:name="com.example.clojuredroid.MainActivity"
30-->src/main/AndroidManifest.xml:19:13-41
31            android:exported="true"
31-->src/main/AndroidManifest.xml:21:13-36
32            android:label="Validation Tests" />
32-->src/main/AndroidManifest.xml:20:13-45
33    </application>
34
35</manifest>